c:\users\miguel\documents\visual studio 2013\projects\cg\cg1\debug\vc120.pdb
c:\users\miguel\documents\visual studio 2013\projects\cg\cg1\debug\vc120.idb
c:\users\miguel\documents\visual studio 2013\projects\cg\cg1\debug\lab0.obj
c:\users\miguel\documents\github\cegue\debug\vc120.pdb
c:\users\miguel\documents\github\cegue\debug\vc120.idb
c:\users\miguel\documents\github\cegue\debug\lab0.obj
c:\users\miguel\documents\github\cegue\debug\main.obj
c:\users\miguel\documents\github\cegue\debug\entidade.obj
c:\users\miguel\documents\visual studio 2013\projects\cg\debug\cg1.pdb
c:\users\miguel\documents\github\cegue\debug\cg1.tlog\cl.command.1.tlog
c:\users\miguel\documents\github\cegue\debug\cg1.tlog\cl.read.1.tlog
c:\users\miguel\documents\github\cegue\debug\cg1.tlog\cl.write.1.tlog
c:\users\miguel\documents\github\cegue\debug\cg1.tlog\link-cvtres.read.1.tlog
c:\users\miguel\documents\github\cegue\debug\cg1.tlog\link-cvtres.write.1.tlog
c:\users\miguel\documents\github\cegue\debug\cg1.tlog\link-rc.read.1.tlog
c:\users\miguel\documents\github\cegue\debug\cg1.tlog\link-rc.write.1.tlog
c:\users\miguel\documents\github\cegue\debug\cg1.tlog\link.4584-cvtres.read.1.tlog
c:\users\miguel\documents\github\cegue\debug\cg1.tlog\link.4584-cvtres.write.1.tlog
c:\users\miguel\documents\github\cegue\debug\cg1.tlog\link.4584-rc.read.1.tlog
c:\users\miguel\documents\github\cegue\debug\cg1.tlog\link.4584-rc.write.1.tlog
c:\users\miguel\documents\github\cegue\debug\cg1.tlog\link.4584.read.1.tlog
c:\users\miguel\documents\github\cegue\debug\cg1.tlog\link.4584.write.1.tlog
c:\users\miguel\documents\github\cegue\debug\cg1.tlog\link.command.1.tlog
c:\users\miguel\documents\github\cegue\debug\cg1.tlog\link.read.1.tlog
c:\users\miguel\documents\github\cegue\debug\cg1.tlog\link.write.1.tlog
